#
# A fatal error has been detected by the Java Runtime Environment:
#
#  EXCEPTION_ACCESS_VIOLATION (0xc0000005) at pc=0x0000000070b35272, pid=6592, tid=0x0000000000000b00
#
# JRE version: Java(TM) SE Runtime Environment (8.0_151-b12) (build 1.8.0_151-b12)
# Java VM: Java HotSpot(TM) 64-Bit Server VM (25.151-b12 mixed mode windows-amd64 compressed oops)
# Problematic frame:
# V  [jvm.dll+0x145272]
#
# Failed to write core dump. Minidumps are not enabled by default on client versions of Windows
#
# If you would like to submit a bug report, please visit:
#   http://bugreport.java.com/bugreport/crash.jsp
#

---------------  T H R E A D  ---------------

Current thread (0x000000001dc38000):  JavaThread "AWT-EventQueue-0" [_thread_in_vm, id=2816, stack(0x000000001ea40000,0x000000001eb40000)]

siginfo: ExceptionCode=0xc0000005, reading address 0x0000000000000000

Registers:
RAX=0x0000000000000000, RBX=0x000000001dc38000, RCX=0x0000000000000800, RDX=0x0000000000000000
RSP=0x000000001eb3cd80, RBP=0x0000000000000000, RSI=0x0000000000000000, RDI=0x0000000000000000
R8 =0x0000000000000000, R9 =0x00000000d6b772d8, R10=0x0000000000000006, R11=0x00000000711ff4d8
R12=0x0000000000f6e188, R13=0x000000001f4d8688, R14=0x000000001eb3cf18, R15=0x000000001dc38000
RIP=0x0000000070b35272, EFLAGS=0x0000000000010202

Top of Stack: (sp=0x000000001eb3cd80)
0x000000001eb3cd80:   000000001eb3ce40 0000000070bcb2c7
0x000000001eb3cd90:   000000001eb3ce40 000000006d582020
0x000000001eb3cda0:   000000001dc38000 0000000000000000
0x000000001eb3cdb0:   000000001f4d8688 000000001dc38000
0x000000001eb3cdc0:   000000001dc38000 000000001dc15360
0x000000001eb3cdd0:   000000001f4d8690 000000001eb3cf18
0x000000001eb3cde0:   000000001dc12850 000000001dc381f8
0x000000001eb3cdf0:   0000000000000000 000000006d58204d
0x000000001eb3ce00:   000000001eb3cf18 00000000000001d0
0x000000001eb3ce10:   000000001f4d8690 000000001dc381f8
0x000000001eb3ce20:   000000001f4d8690 000000001dc38000
0x000000001eb3ce30:   00000000000001d0 0000000007408909
0x000000001eb3ce40:   000000001f4d8690 0000000050200021
0x000000001eb3ce50:   00000000000001d0 000000001eb3cef0
0x000000001eb3ce60:   0000000000000000 0000000007408a77
0x000000001eb3ce70:   00000000000001d0 000000000740865d 

Instructions: (pc=0x0000000070b35272)
0x0000000070b35252:   89 5c 24 20 48 89 74 24 28 48 39 73 08 74 0a 48
0x0000000070b35262:   8d 4c 24 20 e8 c5 64 13 00 40 38 35 6e 92 6c 00
0x0000000070b35272:   48 8b 3f 48 63 05 50 f2 6a 00 74 1b 8b 0c 38 85
0x0000000070b35282:   c9 74 7c 8b c1 8b 0d 0b c5 65 00 48 d3 e0 48 03 


Register to memory mapping:

RAX=0x0000000000000000 is an unknown value
RBX=0x000000001dc38000 is a thread
RCX=0x0000000000000800 is an unknown value
RDX=0x0000000000000000 is an unknown value
RSP=0x000000001eb3cd80 is pointing into the stack for thread: 0x000000001dc38000
RBP=0x0000000000000000 is an unknown value
RSI=0x0000000000000000 is an unknown value
RDI=0x0000000000000000 is an unknown value
R8 =0x0000000000000000 is an unknown value
R9 =0x00000000d6b772d8 is an oop
org.sqlite.core.NativeDB 
 - klass: 'org/sqlite/core/NativeDB'
R10=0x0000000000000006 is an unknown value
R11=0x00000000711ff4d8 is an unknown value
R12=0x0000000000f6e188 is an unknown value
R13=0x000000001f4d8688 is pointing into metadata
R14=0x000000001eb3cf18 is pointing into the stack for thread: 0x000000001dc38000
R15=0x000000001dc38000 is a thread


Stack: [0x000000001ea40000,0x000000001eb40000],  sp=0x000000001eb3cd80,  free space=1011k
Native frames: (J=compiled Java code, j=interpreted, Vv=VM code, C=native code)

Java frames: (J=compiled Java code, j=interpreted, Vv=VM code)
j  org.sqlite.core.NativeDB.prepare(Ljava/lang/String;)J+0
j  org.sqlite.core.DB.prepare(Lorg/sqlite/core/CoreStatement;)V+21
j  org.sqlite.core.CorePreparedStatement.<init>(Lorg/sqlite/SQLiteConnection;Ljava/lang/String;)V+15
j  org.sqlite.jdbc3.JDBC3PreparedStatement.<init>(Lorg/sqlite/SQLiteConnection;Ljava/lang/String;)V+3
j  org.sqlite.jdbc4.JDBC4PreparedStatement.<init>(Lorg/sqlite/SQLiteConnection;Ljava/lang/String;)V+3
j  org.sqlite.jdbc4.JDBC4Connection.prepareStatement(Ljava/lang/String;III)Ljava/sql/PreparedStatement;+21
j  org.sqlite.jdbc3.JDBC3Connection.prepareStatement(Ljava/lang/String;II)Ljava/sql/PreparedStatement;+5
j  org.sqlite.jdbc3.JDBC3Connection.prepareStatement(Ljava/lang/String;)Ljava/sql/PreparedStatement;+8
j  com.vollyball.dao.LoginDao.checkLogin(Ljava/lang/String;Ljava/lang/String;)I+22
j  com.vollyball.frames.FrmLogin.jLabel3MouseClicked(Ljava/awt/event/MouseEvent;)V+36
j  com.vollyball.frames.FrmLogin.access$100(Lcom/vollyball/frames/FrmLogin;Ljava/awt/event/MouseEvent;)V+2
j  com.vollyball.frames.FrmLogin$2.mouseClicked(Ljava/awt/event/MouseEvent;)V+5
j  java.awt.Component.processMouseEvent(Ljava/awt/event/MouseEvent;)V+74
j  javax.swing.JComponent.processMouseEvent(Ljava/awt/event/MouseEvent;)V+23
j  java.awt.Component.processEvent(Ljava/awt/AWTEvent;)V+81
j  java.awt.Container.processEvent(Ljava/awt/AWTEvent;)V+18
j  java.awt.Component.dispatchEventImpl(Ljava/awt/AWTEvent;)V+589
j  java.awt.Container.dispatchEventImpl(Ljava/awt/AWTEvent;)V+42
j  java.awt.Component.dispatchEvent(Ljava/awt/AWTEvent;)V+2
j  java.awt.LightweightDispatcher.retargetMouseEvent(Ljava/awt/Component;ILjava/awt/event/MouseEvent;)V+327
j  java.awt.LightweightDispatcher.processMouseEvent(Ljava/awt/event/MouseEvent;)Z+171
j  java.awt.LightweightDispatcher.dispatchEvent(Ljava/awt/AWTEvent;)Z+50
j  java.awt.Container.dispatchEventImpl(Ljava/awt/AWTEvent;)V+12
j  java.awt.Window.dispatchEventImpl(Ljava/awt/AWTEvent;)V+19
j  java.awt.Component.dispatchEvent(Ljava/awt/AWTEvent;)V+2
j  java.awt.EventQueue.dispatchEventImpl(Ljava/awt/AWTEvent;Ljava/lang/Object;)V+41
j  java.awt.EventQueue.access$500(Ljava/awt/EventQueue;Ljava/awt/AWTEvent;Ljava/lang/Object;)V+3
j  java.awt.EventQueue$3.run()Ljava/lang/Void;+32
j  java.awt.EventQueue$3.run()Ljava/lang/Object;+1
v  ~StubRoutines::call_stub
J 626  java.security.AccessController.doPrivileged(Ljava/security/PrivilegedAction;Ljava/security/AccessControlContext;)Ljava/lang/Object; (0 bytes) @ 0x000000000763aea6 [0x000000000763ae40+0x66]
j  java.security.ProtectionDomain$JavaSecurityAccessImpl.doIntersectionPrivilege(Ljava/security/PrivilegedAction;Ljava/security/AccessControlContext;Ljava/security/AccessControlContext;)Ljava/lang/Object;+18
j  java.security.ProtectionDomain$JavaSecurityAccessImpl.doIntersectionPrivilege(Ljava/security/PrivilegedAction;Ljava/security/AccessControlContext;)Ljava/lang/Object;+6
j  java.awt.EventQueue$4.run()Ljava/lang/Void;+11
j  java.awt.EventQueue$4.run()Ljava/lang/Object;+1
v  ~StubRoutines::call_stub
J 626  java.security.AccessController.doPrivileged(Ljava/security/PrivilegedAction;Ljava/security/AccessControlContext;)Ljava/lang/Object; (0 bytes) @ 0x000000000763aea6 [0x000000000763ae40+0x66]
j  java.security.ProtectionDomain$JavaSecurityAccessImpl.doIntersectionPrivilege(Ljava/security/PrivilegedAction;Ljava/security/AccessControlContext;Ljava/security/AccessControlContext;)Ljava/lang/Object;+18
j  java.awt.EventQueue.dispatchEvent(Ljava/awt/AWTEvent;)V+73
j  java.awt.EventDispatchThread.pumpOneEventForFilters(I)V+245
j  java.awt.EventDispatchThread.pumpEventsForFilter(ILjava/awt/Conditional;Ljava/awt/EventFilter;)V+35
j  java.awt.EventDispatchThread.pumpEventsForHierarchy(ILjava/awt/Conditional;Ljava/awt/Component;)V+11
j  java.awt.EventDispatchThread.pumpEvents(ILjava/awt/Conditional;)V+4
j  java.awt.EventDispatchThread.pumpEvents(Ljava/awt/Conditional;)V+3
j  java.awt.EventDispatchThread.run()V+9
v  ~StubRoutines::call_stub

---------------  P R O C E S S  ---------------

Java Threads: ( => current thread )
  0x000000001e124800 JavaThread "TimerQueue" daemon [_thread_blocked, id=3136, stack(0x000000001f3c0000,0x000000001f4c0000)]
  0x000000001dfd0000 JavaThread "Image Fetcher 0" daemon [_thread_blocked, id=5760, stack(0x000000001ee40000,0x000000001ef40000)]
=>0x000000001dc38000 JavaThread "AWT-EventQueue-0" [_thread_in_vm, id=2816, stack(0x000000001ea40000,0x000000001eb40000)]
  0x000000001dc12000 JavaThread "AWT-Windows" daemon [_thread_in_native, id=1888, stack(0x000000001e940000,0x000000001ea40000)]
  0x000000001dc0f000 JavaThread "AWT-Shutdown" [_thread_blocked, id=8132, stack(0x000000001e840000,0x000000001e940000)]
  0x000000001dc0c800 JavaThread "Java2D Disposer" daemon [_thread_blocked, id=2832, stack(0x000000001e740000,0x000000001e840000)]
  0x000000001d889800 JavaThread "Service Thread" daemon [_thread_blocked, id=7208, stack(0x000000001dc50000,0x000000001dd50000)]
  0x000000001bf21000 JavaThread "C1 CompilerThread2" daemon [_thread_blocked, id=6472, stack(0x000000001d750000,0x000000001d850000)]
  0x000000001bf1e000 JavaThread "C2 CompilerThread1" daemon [_thread_blocked, id=7732, stack(0x000000001d650000,0x000000001d750000)]
  0x000000001bf1c000 JavaThread "C2 CompilerThread0" daemon [_thread_blocked, id=7304, stack(0x000000001d550000,0x000000001d650000)]
  0x000000001bf1a000 JavaThread "Attach Listener" daemon [_thread_blocked, id=6740, stack(0x000000001d450000,0x000000001d550000)]
  0x000000001bf17000 JavaThread "Signal Dispatcher" daemon [_thread_blocked, id=5400, stack(0x000000001d350000,0x000000001d450000)]
  0x000000001bf00000 JavaThread "Finalizer" daemon [_thread_blocked, id=2368, stack(0x000000001d170000,0x000000001d270000)]
  0x0000000007349000 JavaThread "Reference Handler" daemon [_thread_blocked, id=3684, stack(0x000000001d070000,0x000000001d170000)]
  0x0000000007253800 JavaThread "main" [_thread_blocked, id=6260, stack(0x0000000000ab0000,0x0000000000bb0000)]

Other Threads:
  0x000000001bed8000 VMThread [stack: 0x000000001cf70000,0x000000001d070000] [id=1728]
  0x000000001d8d3800 WatcherThread [stack: 0x000000001dd50000,0x000000001de50000] [id=3032]

VM state:not at safepoint (normal execution)

VM Mutex/Monitor currently owned by a thread: None

Heap:
 PSYoungGen      total 38400K, used 12587K [0x00000000d5f80000, 0x00000000d8a00000, 0x0000000100000000)
  eden space 33280K, 37% used [0x00000000d5f80000,0x00000000d6bcace8,0x00000000d8000000)
  from space 5120K, 0% used [0x00000000d8500000,0x00000000d8500000,0x00000000d8a00000)
  to   space 5120K, 0% used [0x00000000d8000000,0x00000000d8000000,0x00000000d8500000)
 ParOldGen       total 87552K, used 0K [0x0000000081e00000, 0x0000000087380000, 0x00000000d5f80000)
  object space 87552K, 0% used [0x0000000081e00000,0x0000000081e00000,0x0000000087380000)
 Metaspace       used 13374K, capacity 13582K, committed 13952K, reserved 1060864K
  class space    used 1750K, capacity 1835K, committed 1920K, reserved 1048576K

Card table byte_map: [0x00000000167b0000,0x0000000016bb0000] byte_map_base: 0x00000000163a1000

Marking Bits: (ParMarkBitMap*) 0x000000007120d850
 Begin Bits: [0x0000000017260000, 0x00000000191e8000)
 End Bits:   [0x00000000191e8000, 0x000000001b170000)

Polling page: 0x0000000003aa0000

CodeCache: size=245760Kb used=2826Kb max_used=2826Kb free=242933Kb
 bounds [0x00000000073f0000, 0x00000000076c0000, 0x00000000163f0000]
 total_blobs=1351 nmethods=828 adapters=436
 compilation: enabled

Compilation events (10 events):
Event: 1.929 Thread 0x000000001bf21000  824       3       java.io.InputStream::<init> (5 bytes)
Event: 1.930 Thread 0x000000001bf21000 nmethod 824 0x00000000076af2d0 code [0x00000000076af440, 0x00000000076af5f0]
Event: 1.933 Thread 0x000000001bf21000  825       3       java.lang.String::codePointAt (36 bytes)
Event: 1.933 Thread 0x000000001bf21000 nmethod 825 0x00000000076aed90 code [0x00000000076aef20, 0x00000000076af198]
Event: 1.933 Thread 0x000000001bf21000  826       3       java.util.regex.Pattern::peek (26 bytes)
Event: 1.933 Thread 0x000000001bf21000 nmethod 826 0x00000000076ae850 code [0x00000000076ae9c0, 0x00000000076aec68]
Event: 1.934 Thread 0x000000001bf21000  827       3       java.lang.String::concat (47 bytes)
Event: 1.934 Thread 0x000000001bf21000 nmethod 827 0x00000000076b2fd0 code [0x00000000076b31a0, 0x00000000076b3958]
Event: 1.934 Thread 0x000000001bf21000  828       3       java.lang.String::getChars (16 bytes)
Event: 1.934 Thread 0x000000001bf21000 nmethod 828 0x00000000076ae410 code [0x00000000076ae580, 0x00000000076ae788]

GC Heap History (0 events):
No events

Deoptimization events (10 events):
Event: 0.199 Thread 0x0000000007253800 Uncommon trap: reason=null_check action=make_not_entrant pc=0x0000000007565b78 method=java.lang.String.equals(Ljava/lang/Object;)Z @ 8
Event: 1.756 Thread 0x000000001dc38000 Uncommon trap: reason=unstable_if action=reinterpret pc=0x00000000075e6b70 method=java.lang.String.<init>([CII)V @ 18
Event: 1.805 Thread 0x000000001dc38000 Uncommon trap: reason=unstable_if action=reinterpret pc=0x0000000007659c64 method=java.lang.String.indexOf([CII[CIII)I @ 3
Event: 1.808 Thread 0x000000001dc38000 Uncommon trap: reason=class_check action=maybe_recompile pc=0x00000000075d9e3c method=java.util.HashMap.putVal(ILjava/lang/Object;Ljava/lang/Object;ZZ)Ljava/lang/Object; @ 253
Event: 1.808 Thread 0x000000001dc38000 Uncommon trap: reason=class_check action=maybe_recompile pc=0x00000000075d9e3c method=java.util.HashMap.putVal(ILjava/lang/Object;Ljava/lang/Object;ZZ)Ljava/lang/Object; @ 253
Event: 1.808 Thread 0x000000001dc38000 Uncommon trap: reason=class_check action=maybe_recompile pc=0x00000000075d9e3c method=java.util.HashMap.putVal(ILjava/lang/Object;Ljava/lang/Object;ZZ)Ljava/lang/Object; @ 253
Event: 1.808 Thread 0x000000001dc38000 Uncommon trap: reason=class_check action=maybe_recompile pc=0x00000000075d9e3c method=java.util.HashMap.putVal(ILjava/lang/Object;Ljava/lang/Object;ZZ)Ljava/lang/Object; @ 253
Event: 1.808 Thread 0x000000001dc38000 Uncommon trap: reason=class_check action=maybe_recompile pc=0x00000000075e0794 method=java.util.HashMap.putVal(ILjava/lang/Object;Ljava/lang/Object;ZZ)Ljava/lang/Object; @ 253
Event: 1.863 Thread 0x000000001dc38000 Uncommon trap: reason=unstable_if action=reinterpret pc=0x000000000766612c method=java.io.BufferedInputStream.read()I @ 8
Event: 1.895 Thread 0x000000001dc38000 Uncommon trap: reason=unstable_if action=reinterpret pc=0x00000000076b2944 method=org.sqlite.SQLiteJDBCLoader.contentsEquals(Ljava/io/InputStream;Ljava/io/InputStream;)Z @ 39

Internal exceptions (10 events):
Event: 0.244 Thread 0x0000000007253800 Exception <a 'java/lang/ClassNotFoundException': ToolBar> (0x00000000d63de128) thrown at [C:\re\workspace\8-2-build-windows-amd64-cygwin\jdk8u151\9699\hotspot\src\share\vm\classfile\systemDictionary.cpp, line 210]
Event: 0.244 Thread 0x0000000007253800 Exception <a 'java/lang/ClassNotFoundException': ToggleButton> (0x00000000d63de6d8) thrown at [C:\re\workspace\8-2-build-windows-amd64-cygwin\jdk8u151\9699\hotspot\src\share\vm\classfile\systemDictionary.cpp, line 210]
Event: 0.244 Thread 0x0000000007253800 Exception <a 'java/lang/ClassNotFoundException': javax/swing/JToolBarSeparator> (0x00000000d63deb38) thrown at [C:\re\workspace\8-2-build-windows-amd64-cygwin\jdk8u151\9699\hotspot\src\share\vm\classfile\systemDictionary.cpp, line 210]
Event: 0.244 Thread 0x0000000007253800 Exception <a 'java/lang/ClassNotFoundException': ToolBarSeparator> (0x00000000d63defd0) thrown at [C:\re\workspace\8-2-build-windows-amd64-cygwin\jdk8u151\9699\hotspot\src\share\vm\classfile\systemDictionary.cpp, line 210]
Event: 0.244 Thread 0x0000000007253800 Exception <a 'java/lang/ClassNotFoundException': ToolTip> (0x00000000d63df710) thrown at [C:\re\workspace\8-2-build-windows-amd64-cygwin\jdk8u151\9699\hotspot\src\share\vm\classfile\systemDictionary.cpp, line 210]
Event: 0.245 Thread 0x0000000007253800 Exception <a 'java/lang/ClassNotFoundException': Tree> (0x00000000d63e0330) thrown at [C:\re\workspace\8-2-build-windows-amd64-cygwin\jdk8u151\9699\hotspot\src\share\vm\classfile\systemDictionary.cpp, line 210]
Event: 0.245 Thread 0x0000000007253800 Exception <a 'java/lang/ClassNotFoundException': Tree> (0x00000000d63e0a70) thrown at [C:\re\workspace\8-2-build-windows-amd64-cygwin\jdk8u151\9699\hotspot\src\share\vm\classfile\systemDictionary.cpp, line 210]
Event: 0.245 Thread 0x0000000007253800 Exception <a 'java/lang/ClassNotFoundException': javax/swing/JTreeCell> (0x00000000d63e0df0) thrown at [C:\re\workspace\8-2-build-windows-amd64-cygwin\jdk8u151\9699\hotspot\src\share\vm\classfile\systemDictionary.cpp, line 210]
Event: 0.245 Thread 0x0000000007253800 Exception <a 'java/lang/ClassNotFoundException': TreeCell> (0x00000000d63e1278) thrown at [C:\re\workspace\8-2-build-windows-amd64-cygwin\jdk8u151\9699\hotspot\src\share\vm\classfile\systemDictionary.cpp, line 210]
Event: 0.246 Thread 0x0000000007253800 Exception <a 'java/lang/ClassNotFoundException': RootPane> (0x00000000d63e1cd8) thrown at [C:\re\workspace\8-2-build-windows-amd64-cygwin\jdk8u151\9699\hotspot\src\share\vm\classfile\systemDictionary.cpp, line 210]

Events (10 events):
Event: 1.933 loading class org/sqlite/jdbc4/JDBC4PreparedStatement
Event: 1.933 loading class org/sqlite/jdbc4/JDBC4PreparedStatement done
Event: 1.933 loading class java/sql/ParameterMetaData
Event: 1.933 loading class java/sql/ParameterMetaData done
Event: 1.933 loading class org/sqlite/jdbc3/JDBC3PreparedStatement
Event: 1.933 loading class org/sqlite/jdbc3/JDBC3PreparedStatement done
Event: 1.934 loading class org/sqlite/core/CorePreparedStatement
Event: 1.934 loading class org/sqlite/core/CorePreparedStatement done
Event: 1.934 loading class java/sql/Date
Event: 1.934 loading class java/sql/Date done


Dynamic libraries:
0x00007ff6cb920000 - 0x00007ff6cb99e000 	E:\old data\Personal\Madhuri sadgir\PES-VB\PES-VB\EXE\PES-VB.exe
0x00007ff9788f0000 - 0x00007ff978a9d000 	C:\Windows\SYSTEM32\ntdll.dll
0x00007ff976c40000 - 0x00007ff976d7e000 	C:\Windows\system32\KERNEL32.DLL
0x00007ff975e50000 - 0x00007ff975f66000 	C:\Windows\system32\KERNELBASE.dll
0x00007ff975f70000 - 0x00007ff9760e7000 	C:\Windows\system32\USER32.dll
0x00007ff9761d0000 - 0x00007ff97627a000 	C:\Windows\system32\ADVAPI32.dll
0x00007ff978540000 - 0x00007ff9786d4000 	C:\Windows\system32\ole32.dll
0x00007ff978380000 - 0x00007ff9784cc000 	C:\Windows\system32\GDI32.dll
0x00007ff978840000 - 0x00007ff9788ea000 	C:\Windows\system32\msvcrt.dll
0x00007ff9784d0000 - 0x00007ff978529000 	C:\Windows\SYSTEM32\sechost.dll
0x00007ff976510000 - 0x00007ff976650000 	C:\Windows\system32\RPCRT4.dll
0x00007ff976a20000 - 0x00007ff976c32000 	C:\Windows\SYSTEM32\combase.dll
0x00007ff975d10000 - 0x00007ff975d3e000 	C:\Windows\system32\SspiCli.dll
0x00007ff976470000 - 0x00007ff9764a6000 	C:\Windows\system32\IMM32.DLL
0x00007ff9786e0000 - 0x00007ff978831000 	C:\Windows\system32\MSCTF.dll
0x00007ff973c50000 - 0x00007ff973ecb000 	C:\Windows\WinSxS\amd64_microsoft.windows.common-controls_6595b64144ccf1df_6.0.9600.18006_none_623f33d3ecbe86e8\comctl32.dll
0x00007ff9746a0000 - 0x00007ff9747c9000 	C:\Windows\system32\uxtheme.dll
0x00007ff973f40000 - 0x00007ff973f61000 	C:\Windows\system32\dwmapi.dll
0x00007ff974870000 - 0x00007ff97487b000 	C:\Windows\SYSTEM32\kernel.appcore.dll
0x00007ff9758e0000 - 0x00007ff9758eb000 	C:\Windows\SYSTEM32\CRYPTBASE.dll
0x00007ff975870000 - 0x00007ff9758d3000 	C:\Windows\SYSTEM32\bcryptPrimitives.dll
0x00007ff974140000 - 0x00007ff9741f2000 	C:\Windows\SYSTEM32\SHCORE.dll
0x00000000709f0000 - 0x000000007128d000 	c:\program files\java\jre1.8.0_151\bin\server\jvm.dll
0x00007ff9738a0000 - 0x00007ff9738a9000 	C:\Windows\SYSTEM32\WSOCK32.dll
0x00007ff970450000 - 0x00007ff970472000 	C:\Windows\SYSTEM32\WINMM.dll
0x00007ff96e3c0000 - 0x00007ff96e3ca000 	C:\Windows\SYSTEM32\VERSION.dll
0x00007ff978370000 - 0x00007ff978377000 	C:\Windows\system32\PSAPI.DLL
0x0000000072280000 - 0x0000000072352000 	C:\Windows\SYSTEM32\MSVCR100.dll
0x00007ff9764b0000 - 0x00007ff97650a000 	C:\Windows\system32\WS2_32.dll
0x00007ff96e3f0000 - 0x00007ff96e41a000 	C:\Windows\SYSTEM32\WINMMBASE.dll
0x00007ff978530000 - 0x00007ff978539000 	C:\Windows\system32\NSI.dll
0x00007ff975cc0000 - 0x00007ff975d0f000 	C:\Windows\SYSTEM32\cfgmgr32.dll
0x00007ff974820000 - 0x00007ff974848000 	C:\Windows\SYSTEM32\DEVOBJ.dll
0x0000000070900000 - 0x000000007090f000 	c:\program files\java\jre1.8.0_151\bin\verify.dll
0x00000000708d0000 - 0x00000000708f9000 	c:\program files\java\jre1.8.0_151\bin\java.dll
0x00000000708b0000 - 0x00000000708c6000 	c:\program files\java\jre1.8.0_151\bin\zip.dll
0x00007ff976e40000 - 0x00007ff97836b000 	C:\Windows\system32\SHELL32.dll
0x00007ff976100000 - 0x00007ff976154000 	C:\Windows\system32\SHLWAPI.dll
0x00007ff975a10000 - 0x00007ff975a25000 	C:\Windows\SYSTEM32\profapi.dll
0x0000000070710000 - 0x00000000708a8000 	C:\Program Files\Java\jre1.8.0_151\bin\awt.dll
0x00007ff976280000 - 0x00007ff976346000 	C:\Windows\system32\OLEAUT32.dll
0x00007ff9739e0000 - 0x00007ff973a6e000 	C:\Windows\system32\apphelp.dll
0x00000000709a0000 - 0x00000000709e7000 	C:\Program Files\Java\jre1.8.0_151\bin\fontmanager.dll
0x00007ff969de0000 - 0x00007ff969f0b000 	C:\Windows\system32\opengl32.dll
0x00007ff96e200000 - 0x00007ff96e22e000 	C:\Windows\SYSTEM32\GLU32.dll
0x00007ff969c60000 - 0x00007ff969d58000 	C:\Windows\SYSTEM32\DDRAW.dll
0x00007ff970510000 - 0x00007ff970519000 	C:\Windows\SYSTEM32\DCIMAN32.dll
0x00007ff976350000 - 0x00007ff976406000 	C:\Windows\SYSTEM32\clbcatq.dll
0x00007ff9710a0000 - 0x00007ff97124e000 	C:\Windows\SYSTEM32\WindowsCodecs.dll
0x00007ff9752a0000 - 0x00007ff9752c0000 	C:\Windows\SYSTEM32\CRYPTSP.dll
0x00007ff974ec0000 - 0x00007ff974ef6000 	C:\Windows\system32\rsaenh.dll
0x00007ff9754f0000 - 0x00007ff975516000 	C:\Windows\SYSTEM32\bcrypt.dll
0x0000000070980000 - 0x000000007099a000 	C:\Program Files\Java\jre1.8.0_151\bin\net.dll
0x00007ff975240000 - 0x00007ff975299000 	C:\Windows\system32\mswsock.dll
0x0000000070960000 - 0x0000000070971000 	C:\Program Files\Java\jre1.8.0_151\bin\nio.dll
0x0000000070910000 - 0x0000000070952000 	C:\Program Files\Java\jre1.8.0_151\bin\t2k.dll
0x00007ff974fd0000 - 0x00007ff974ff1000 	C:\Windows\SYSTEM32\USERENV.dll
0x00007ff970220000 - 0x00007ff97024a000 	C:\Windows\SYSTEM32\IPHLPAPI.DLL
0x00007ff970210000 - 0x00007ff97021a000 	C:\Windows\SYSTEM32\WINNSI.DLL
0x00007ff96ffa0000 - 0x00007ff96ffb6000 	C:\Windows\SYSTEM32\dhcpcsvc6.DLL
0x00007ff96ff80000 - 0x00007ff96ff9a000 	C:\Windows\SYSTEM32\dhcpcsvc.DLL
0x000000006d580000 - 0x000000006d63d000 	C:\Users\nishant.vibhute.WEBACCESS\AppData\Local\Temp\sqlite-3.8.11.2-5d4217bf-411f-4f9a-8f62-ad525fd75a89-sqlitejdbc.dll
0x00007ff970c60000 - 0x00007ff970de9000 	C:\Windows\SYSTEM32\dbghelp.dll

VM Arguments:
jvm_args: -Dexe4j.semaphoreName=Local\e:_old_data_personal_madhuri_sadgir_pes-vb_pes-vb_exe_pes-vb.exe0 -Dexe4j.moduleName=E:\old data\Personal\Madhuri sadgir\PES-VB\PES-VB\EXE\PES-VB.exe -Dexe4j.tempDir=C:\Users\NISHAN~1.WEB\AppData\Local\Temp\e4j5195.tmp_dir1538112438 -Dexe4j.unextractedPosition=595175 -Djava.library.path=C:\Users\NISHAN~1.WEB\AppData\Local\Temp\e4j34EF.tmp_dir1538111644\user;C:\Program Files (x86)\Google\Chrome\Application;C:\ProgramData\Oracle\Java\javapath;C:\Windows\system32;C:\Windows;C:\Windows\System32\Wbem;C:\Windows\System32\WindowsPowerShell\v1.0\;C:\Program Files (x86)\PuTTY\;C:\Program Files\TortoiseSVN\bin;C:\Program Files\Microsoft SQL Server\Client SDK\ODBC\110\Tools\Binn\;C:\Program Files (x86)\Microsoft SQL Server\120\Tools\Binn\ManagementStudio\;C:\Program Files (x86)\Microsoft SQL Server\120\Tools\Binn\;C:\Program Files\Microsoft SQL Server\120\Tools\Binn\;C:\Program Files (x86)\Microsoft SQL Server\120\DTS\Binn\;C:\Program Files\Microsoft SQL Server\120\DTS\Binn\;C:\Program Files\Java\jdk1.7.0_45\bin;C:\Program Files\MySQL\MySQL Server 5.5\bin;C:\Program Files\Git\cmd;C:\Program Files\TortoiseGit\bin;C:\Program Files\Microsoft SQL Server\110\Tools\Binn\;C:\Program Files (x86)\Microsoft SQL Server\110\Tools\Binn\ManagementStudio\;C:\Program Files (x86)\Microsoft SQL Server\110\Tools\Binn\;C:\Program Files (x86)\Microsoft SQL Server\110\DTS\Binn\;C:\Program Files\Microsoft SQL Server\110\DTS\Binn\;c:\program files\java\jre1.8.0_151\bin;c:\program files\java\jre1.8.0_151\bin;c:\program files\java\jre1.8.0_151\bin -Dexe4j.consoleCodepage=cp0 
java_command: E:\old data\Personal\Madhuri sadgir\PES-VB\PES-VB\EXE\PES-VB.exe
java_class_path (initial): C:\Users\NISHAN~1.WEB\AppData\Local\Temp\e4j5195.tmp_dir1538112438\exe4jlib.jar;E:\old data\Personal\Madhuri sadgir\PES-VB\PES-VB\EXE\..\.\code\dist\Vollyball.jar
Launcher Type: generic

Environment Variables:
JAVA_HOME=C:\Program Files\Java\jdk1.7.0_45
PATH=C:\Users\NISHAN~1.WEB\AppData\Local\Temp\e4j34EF.tmp_dir1538111644\user;C:\Program Files (x86)\Google\Chrome\Application;C:\ProgramData\Oracle\Java\javapath;C:\Windows\system32;C:\Windows;C:\Windows\System32\Wbem;C:\Windows\System32\WindowsPowerShell\v1.0\;C:\Program Files (x86)\PuTTY\;C:\Program Files\TortoiseSVN\bin;C:\Program Files\Microsoft SQL Server\Client SDK\ODBC\110\Tools\Binn\;C:\Program Files (x86)\Microsoft SQL Server\120\Tools\Binn\ManagementStudio\;C:\Program Files (x86)\Microsoft SQL Server\120\Tools\Binn\;C:\Program Files\Microsoft SQL Server\120\Tools\Binn\;C:\Program Files (x86)\Microsoft SQL Server\120\DTS\Binn\;C:\Program Files\Microsoft SQL Server\120\DTS\Binn\;C:\Program Files\Java\jdk1.7.0_45\bin;C:\Program Files\MySQL\MySQL Server 5.5\bin;C:\Program Files\Git\cmd;C:\Program Files\TortoiseGit\bin;C:\Program Files\Microsoft SQL Server\110\Tools\Binn\;C:\Program Files (x86)\Microsoft SQL Server\110\Tools\Binn\ManagementStudio\;C:\Program Files (x86)\Microsoft SQL Server\110\Tools\Binn\;C:\Program Files (x86)\Microsoft SQL Server\110\DTS\Binn\;C:\Program Files\Microsoft SQL Server\110\DTS\Binn\;c:\program files\java\jre1.8.0_151\bin;c:\program files\java\jre1.8.0_151\bin;c:\program files\java\jre1.8.0_151\bin
USERNAME=nishant.vibhute
OS=Windows_NT
PROCESSOR_IDENTIFIER=Intel64 Family 6 Model 58 Stepping 9, GenuineIntel



---------------  S Y S T E M  ---------------

OS: Windows 8.1 , 64 bit Build 9600 (6.3.9600.17415)

CPU:total 4 (initial active 4) (4 cores per cpu, 1 threads per core) family 6 model 58 stepping 9, cmov, cx8, fxsr, mmx, sse, sse2, sse3, ssse3, sse4.1, sse4.2, popcnt, avx, aes, clmul, erms, tsc, tscinvbit, tscinv

Memory: 4k page, physical 8260816k(3879940k free), swap 9571536k(4693860k free)

vm_info: Java HotSpot(TM) 64-Bit Server VM (25.151-b12) for windows-amd64 JRE (1.8.0_151-b12), built on Sep  5 2017 19:33:46 by "java_re" with MS VC++ 10.0 (VS2010)

time: Fri Sep 28 10:57:20 2018
elapsed time: 1 seconds (0d 0h 0m 1s)

